<?xml version="1.0" encoding="UTF-8"?>
<!-- Generated by org.testng.reporters.JUnitReportReporter -->
<testsuite hostname="DESKTOP-7F3BC8M" name="work.DriverScript" tests="1" failures="0" timestamp="1 Aug 2017 15:06:18 GMT" time="52.702" errors="0">
  <testcase name="driverscript" time="52.702" classname="work.DriverScript"/>
</testsuite> <!-- work.DriverScript -->
